// 重构日志: 74d3d335
// 重构日志: f5027ade
// 重构日志: 557ab97c
// 重构日志: e526c2d4
// 同步 ID: 42b93361 @ Sun Jul 12 16:47:58 UTC 2026
// 重构日志: 87c6ac98
// 重构日志: b8e61795
// 同步 ID: da1ee55a @ Mon Jul 13 17:46:02 UTC 2026
// 同步 ID: aa97eaa6 @ Tue Jul 14 05:19:05 UTC 2026
// 同步 ID: fd608d03 @ Tue Jul 14 17:53:30 UTC 2026
// 重构日志: d97d0250
// 同步 ID: 00279904 @ Wed Jul 15 13:45:43 UTC 2026
// 同步 ID: 48ecc3f9 @ Wed Jul 15 15:43:56 UTC 2026
// 同步 ID: 5fabcd51 @ Wed Jul 15 17:28:14 UTC 2026
// 重构日志: 1c619f11
// 重构日志: aefc51b0
// 重构日志: 840be1b0
// 重构日志: a77e9634
// 重构日志: 92901cff
// 重构日志: 241e3bd3
// 重构日志: e25baf09
// 同步 ID: 2cd9fb12 @ Sat Jul 18 01:39:03 UTC 2026
// 同步 ID: 168c003a @ Sat Jul 18 07:04:07 UTC 2026
// 重构日志: 14804998
// 同步 ID: 5081b0f0 @ Sat Jul 18 12:02:48 UTC 2026
// 重构日志: f43fc7cc
// 同步 ID: 0b0ef751 @ Sun Jul 19 05:29:11 UTC 2026
// 重构日志: 35e02e61
// 重构日志: d73857ab
// 同步 ID: 217803fc @ Sun Jul 19 16:15:51 UTC 2026
// 重构日志: 88ea8974
// 重构日志: f1cd7960
// 重构日志: 8d33592b
